0 verbose cli /usr/bin/node /usr/bin/npm
1 info using npm@9.2.0
2 info using node@v18.19.1
3 timing npm:load:whichnode Completed in 0ms
4 timing config:load:defaults Completed in 3ms
5 timing config:load:file:/usr/share/nodejs/npm/npmrc Completed in 2ms
6 timing config:load:builtin Completed in 2ms
7 timing config:load:cli Completed in 1ms
8 timing config:load:env Completed in 1ms
9 timing config:load:file:/root/VercelSpeedtest-Next.JS/.npmrc Completed in 0ms
10 timing config:load:project Completed in 1ms
11 timing config:load:file:/root/.npmrc Completed in 1ms
12 timing config:load:user Completed in 1ms
13 timing config:load:file:/etc/npmrc Completed in 0ms
14 timing config:load:global Completed in 0ms
15 timing config:load:setEnvs Completed in 1ms
16 timing config:load Completed in 12ms
17 timing npm:load:configload Completed in 12ms
18 timing npm:load:mkdirpcache Completed in 0ms
19 timing npm:load:mkdirplogs Completed in 0ms
20 verbose title npm audit fix
21 verbose argv "audit" "fix"
22 timing npm:load:setTitle Completed in 2ms
23 timing config:load:flatten Completed in 5ms
24 timing npm:load:display Completed in 6ms
25 verbose logfile logs-max:10 dir:/root/.npm/_logs/2025-06-13T19_01_20_017Z-
26 verbose logfile /root/.npm/_logs/2025-06-13T19_01_20_017Z-debug-0.log
27 timing npm:load:logFile Completed in 8ms
28 timing npm:load:timers Completed in 0ms
29 timing npm:load:configScope Completed in 0ms
30 timing npm:load Completed in 29ms
31 timing config:load:flatten Completed in 0ms
32 timing arborist:ctor Completed in 1ms
33 silly logfile done cleaning log files
34 timing command:audit Completed in 7ms
35 verbose stack Error: loadVirtual requires existing shrinkwrap file
35 verbose stack     at Arborist.loadVirtual (/usr/share/nodejs/@npmcli/arborist/lib/arborist/load-virtual.js:63:18)
35 verbose stack     at async Arborist.audit (/usr/share/nodejs/@npmcli/arborist/lib/arborist/audit.js:25:18)
35 verbose stack     at async Audit.auditAdvisories (/usr/share/nodejs/npm/lib/commands/audit.js:390:5)
35 verbose stack     at async Audit.exec (/usr/share/nodejs/npm/lib/commands/audit.js:374:7)
35 verbose stack     at async module.exports (/usr/share/nodejs/npm/lib/cli.js:133:5)
36 verbose cwd /root/VercelSpeedtest-Next.JS
37 verbose Linux 6.8.0-56-generic
38 verbose node v18.19.1
39 verbose npm  v9.2.0
40 error code ENOLOCK
41 error audit This command requires an existing lockfile.
42 error audit Try creating one first with: npm i --package-lock-only
43 error audit Original error: loadVirtual requires existing shrinkwrap file
44 verbose exit 1
45 timing npm Completed in 56ms
46 verbose unfinished npm timer audit 1749841280064
47 verbose code 1
48 error A complete log of this run can be found in:
48 error     /root/.npm/_logs/2025-06-13T19_01_20_017Z-debug-0.log
